\BOOKMARK [0][-]{chapter*.8}{Introduction}{}% 1
\BOOKMARK [0][-]{chapter.1}{Offline-enabled\040mobile\040applications}{}% 2
\BOOKMARK [1][-]{section.1.1}{Concept}{chapter.1}% 3
\BOOKMARK [1][-]{section.1.2}{Issues\040to\040be\040tackled}{chapter.1}% 4
\BOOKMARK [2][-]{subsection.1.2.1}{Offline\040data\040availability}{section.1.2}% 5
\BOOKMARK [2][-]{subsection.1.2.2}{Partial\040changes\040management}{section.1.2}% 6
\BOOKMARK [2][-]{subsection.1.2.3}{Local\040data\040management}{section.1.2}% 7
\BOOKMARK [2][-]{subsection.1.2.4}{Server\040synchronization}{section.1.2}% 8
\BOOKMARK [2][-]{subsection.1.2.5}{Offline\040authentication,\040authorization}{section.1.2}% 9
\BOOKMARK [0][-]{chapter.2}{Technical\040approaches}{}% 10
\BOOKMARK [1][-]{section.2.1}{Frameworks}{chapter.2}% 11
\BOOKMARK [2][-]{subsection.2.1.1}{Native\040approaches}{section.2.1}% 12
\BOOKMARK [2][-]{subsection.2.1.2}{Cross-platform\040approaches}{section.2.1}% 13
\BOOKMARK [2][-]{subsection.2.1.3}{React\040PWA}{section.2.1}% 14
\BOOKMARK [2][-]{subsection.2.1.4}{Conclusion}{section.2.1}% 15
\BOOKMARK [1][-]{section.2.2}{Local\040data\040management}{chapter.2}% 16
\BOOKMARK [2][-]{subsection.2.2.1}{Request\040intercepting\040and\040processing}{section.2.2}% 17
\BOOKMARK [2][-]{subsection.2.2.2}{Local\040database}{section.2.2}% 18
\BOOKMARK [2][-]{subsection.2.2.3}{Hybrid\040solutions}{section.2.2}% 19
\BOOKMARK [1][-]{section.2.3}{Synchronization}{chapter.2}% 20
\BOOKMARK [2][-]{subsection.2.3.1}{Acceptance\040of\040conflicts}{section.2.3}% 21
\BOOKMARK [2][-]{subsection.2.3.2}{Avoidance\040by\040locking}{section.2.3}% 22
\BOOKMARK [2][-]{subsection.2.3.3}{Mitigation\040by\040partitioning}{section.2.3}% 23
\BOOKMARK [2][-]{subsection.2.3.4}{Avoidance\040by\040instance\040duplication}{section.2.3}% 24
\BOOKMARK [2][-]{subsection.2.3.5}{Mitigation\040by\040atribute\040timestamping}{section.2.3}% 25
\BOOKMARK [2][-]{subsection.2.3.6}{CRDT}{section.2.3}% 26
\BOOKMARK [2][-]{subsection.2.3.7}{Advanced\040synchronization\040management}{section.2.3}% 27
\BOOKMARK [2][-]{subsection.2.3.8}{Final\040synchronization\040remark}{section.2.3}% 28
\BOOKMARK [0][-]{chapter.3}{Implementation}{}% 29
\BOOKMARK [1][-]{section.3.1}{Functional\040and\040non-functional\040requirements}{chapter.3}% 30
\BOOKMARK [1][-]{section.3.2}{Architecture,\040technology\040stack}{chapter.3}% 31
\BOOKMARK [1][-]{section.3.3}{Service\040Worker}{chapter.3}% 32
\BOOKMARK [1][-]{section.3.4}{Axios\040Interceptor}{chapter.3}% 33
\BOOKMARK [1][-]{section.3.5}{Local\040data\040management}{chapter.3}% 34
\BOOKMARK [1][-]{section.3.6}{Synchronization}{chapter.3}% 35
\BOOKMARK [0][-]{chapter.4}{Testing,\040issues,\040and\040future\040work}{}% 36
\BOOKMARK [0][-]{chapter*.26}{Conclusion}{}% 37
\BOOKMARK [0][-]{chapter*.27}{Bibliography}{}% 38
\BOOKMARK [0][-]{appendix.A}{Electronic\040attachments}{}% 39
